<?xml version="1.0" encoding="UTF-8"?>
<!-- Generated by org.testng.reporters.JUnitReportReporter -->
<testsuite hostname="DESKTOP-1I7T66E" failures="0" tests="1" name="webapp.orangeHRM" time="151.386" errors="0" timestamp="2022-12-01T23:38:10 IST" skipped="0">
  <testcase classname="webapp.orangeHRM" name="testcase" time="151.386"/>
  <system-out/>
</testsuite> <!-- webapp.orangeHRM -->
