<?xml version="1.0" encoding="UTF-8"?>
<!-- Generated by org.testng.reporters.JUnitReportReporter -->
<testsuite hostname="DESKTOP-1I7T66E" failures="0" tests="1" name="webapp.capabilities" time="148.076" errors="0" timestamp="2022-12-01T10:16:39 IST" skipped="0">
  <testcase classname="webapp.capabilities" name="testcase" time="148.076"/>
  <system-out/>
</testsuite> <!-- webapp.capabilities -->
