<?xml version="1.0" encoding="UTF-8"?>
<!-- Generated by org.testng.reporters.JUnitReportReporter -->
<testsuite hostname="DESKTOP-1I7T66E" failures="0" tests="1" name="hybridapps.task" time="28.505" errors="0" timestamp="2022-12-08T12:48:58 IST" skipped="0">
  <testcase classname="hybridapps.task" name="test" time="28.505"/>
  <system-out/>
</testsuite> <!-- hybridapps.task -->
